\BOOKMARK [1][-]{section.1}{\376\377\000I\000n\000t\000r\000o\000d\000u\000c\000t\000i\000o\000n}{}% 1
\BOOKMARK [1][-]{section.2}{\376\377\000I\000n\000t\000r\000o\000d\000u\000c\000t\000i\000o\000n}{}% 2
\BOOKMARK [1][-]{section.3}{\376\377\000T\000h\000e\000o\000r\000e\000t\000i\000c\000a\000l\000\040\000F\000o\000u\000n\000d\000a\000t\000i\000o\000n\000s}{}% 3
\BOOKMARK [1][-]{section.4}{\376\377\000T\000h\000e\000o\000r\000e\000t\000i\000c\000a\000l\000\040\000F\000o\000u\000n\000d\000a\000t\000i\000o\000n\000s}{}% 4
\BOOKMARK [1][-]{section.5}{\376\377\000M\000e\000t\000h\000o\000d\000o\000l\000o\000g\000y}{}% 5
\BOOKMARK [1][-]{section.6}{\376\377\000M\000e\000t\000h\000o\000d\000o\000l\000o\000g\000y}{}% 6
\BOOKMARK [1][-]{section.7}{\376\377\000T\000i\000m\000e\000l\000i\000n\000e\000\040\000a\000n\000d\000\040\000D\000e\000l\000i\000v\000e\000r\000a\000b\000l\000e\000s}{}% 7
\BOOKMARK [1][-]{section.8}{\376\377\000T\000i\000m\000e\000l\000i\000n\000e\000\040\000a\000n\000d\000\040\000D\000e\000l\000i\000v\000e\000r\000a\000b\000l\000e\000s}{}% 8
\BOOKMARK [1][-]{section.9}{\376\377\000E\000x\000p\000e\000c\000t\000e\000d\000\040\000C\000o\000n\000t\000r\000i\000b\000u\000t\000i\000o\000n\000s}{}% 9
\BOOKMARK [1][-]{section.10}{\376\377\000R\000i\000s\000k\000\040\000M\000i\000t\000i\000g\000a\000t\000i\000o\000n}{}% 10
\BOOKMARK [1][-]{section.11}{\376\377\000R\000i\000s\000k\000\040\000M\000i\000t\000i\000g\000a\000t\000i\000o\000n}{}% 11
\BOOKMARK [2][-]{subsection.11.1}{\376\377\000T\000e\000c\000h\000n\000i\000c\000a\000l\000\040\000R\000i\000s\000k\000\040\000M\000i\000t\000i\000g\000a\000t\000i\000o\000n}{section.11}% 12
\BOOKMARK [2][-]{subsection.11.2}{\376\377\000O\000r\000g\000a\000n\000i\000z\000a\000t\000i\000o\000n\000a\000l\000\040\000R\000i\000s\000k\000\040\000M\000a\000n\000a\000g\000e\000m\000e\000n\000t}{section.11}% 13
\BOOKMARK [2][-]{subsection.11.3}{\376\377\000A\000n\000a\000l\000y\000t\000i\000c\000a\000l\000\040\000R\000i\000s\000k\000\040\000M\000i\000t\000i\000g\000a\000t\000i\000o\000n}{section.11}% 14
\BOOKMARK [1][-]{section.12}{\376\377\000F\000u\000t\000u\000r\000e\000\040\000R\000e\000s\000e\000a\000r\000c\000h}{}% 15
\BOOKMARK [1][-]{section.13}{\376\377\000F\000u\000t\000u\000r\000e\000\040\000R\000e\000s\000e\000a\000r\000c\000h}{}% 16
\BOOKMARK [2][-]{subsection.13.1}{\376\377\000H\000e\000a\000l\000t\000h\000c\000a\000r\000e\000\040\000A\000p\000p\000l\000i\000c\000a\000t\000i\000o\000n\000s}{section.13}% 17
\BOOKMARK [2][-]{subsection.13.2}{\376\377\000P\000r\000o\000f\000e\000s\000s\000i\000o\000n\000a\000l\000\040\000S\000e\000r\000v\000i\000c\000e\000s\000\040\000A\000p\000p\000l\000i\000c\000a\000t\000i\000o\000n\000s}{section.13}% 18
\BOOKMARK [2][-]{subsection.13.3}{\376\377\000M\000e\000t\000h\000o\000d\000o\000l\000o\000g\000i\000c\000a\000l\000\040\000A\000d\000a\000p\000t\000a\000t\000i\000o\000n\000s}{section.13}% 19
\BOOKMARK [1][-]{appendix.A}{\376\377\000P\000h\000i\000l\000o\000s\000o\000p\000h\000i\000c\000a\000l\000\040\000D\000i\000m\000e\000n\000s\000i\000o\000n\000s\000\040\000o\000f\000\040\000P\000l\000a\000t\000f\000o\000r\000m\000\040\000O\000p\000t\000i\000m\000i\000z\000a\000t\000i\000o\000n}{}% 20
\BOOKMARK [1][-]{appendix.A}{\376\377\000P\000h\000i\000l\000o\000s\000o\000p\000h\000i\000c\000a\000l\000\040\000D\000i\000m\000e\000n\000s\000i\000o\000n\000s\000\040\000o\000f\000\040\000P\000l\000a\000t\000f\000o\000r\000m\000\040\000O\000p\000t\000i\000m\000i\000z\000a\000t\000i\000o\000n}{}% 21
\BOOKMARK [2][-]{subsection.A.1}{\376\377\000T\000e\000c\000h\000n\000o\000l\000o\000g\000y\000\040\000a\000s\000\040\000M\000e\000d\000i\000a\000t\000i\000o\000n\000\040\000a\000n\000d\000\040\000P\000o\000w\000e\000r}{appendix.A}% 22
\BOOKMARK [2][-]{subsection.A.2}{\376\377\000C\000u\000l\000t\000u\000r\000a\000l\000\040\000T\000r\000a\000n\000s\000f\000o\000r\000m\000a\000t\000i\000o\000n\000\040\000a\000n\000d\000\040\000P\000r\000o\000f\000e\000s\000s\000i\000o\000n\000a\000l\000\040\000I\000d\000e\000n\000t\000i\000t\000y}{appendix.A}% 23
\BOOKMARK [2][-]{subsection.A.3}{\376\377\000P\000o\000w\000e\000r\000\040\000D\000y\000n\000a\000m\000i\000c\000s\000\040\000a\000n\000d\000\040\000D\000i\000g\000i\000t\000a\000l\000\040\000L\000a\000b\000o\000r}{appendix.A}% 24
\BOOKMARK [2][-]{subsection.A.4}{\376\377\000C\000o\000n\000t\000e\000m\000p\000o\000r\000a\000r\000y\000\040\000M\000a\000r\000x\000i\000s\000t\000\040\000P\000e\000r\000s\000p\000e\000c\000t\000i\000v\000e\000s}{appendix.A}% 25
\BOOKMARK [2][-]{subsection.A.5}{\376\377\000A\000r\000t\000i\000f\000i\000c\000i\000a\000l\000\040\000I\000n\000t\000e\000l\000l\000i\000g\000e\000n\000c\000e\000\040\000a\000n\000d\000\040\000H\000u\000m\000a\000n\000\040\000A\000g\000e\000n\000c\000y}{appendix.A}% 26
